<?xml version="1.0" encoding="UTF-8"?>
<!-- Generated by org.testng.reporters.JUnitReportReporter -->
<testsuite name="com.projectssanitypacks.automation.HomePage.Tc001_VerifyLoginWithInvalidCredential" tests="1" time="83.815" ignored="0" failures="0" timestamp="28 May 2017 16:12:53 GMT" skipped="0" hostname="Abhisheks-MacBook-Pro.local" errors="0">
  <testcase name="verifyLoginWithInvalidCredential" time="83.815" classname="com.projectssanitypacks.automation.HomePage.Tc001_VerifyLoginWithInvalidCredential"/>
</testsuite> <!-- com.projectssanitypacks.automation.HomePage.Tc001_VerifyLoginWithInvalidCredential -->
